============================= test session starts =============================
platform win32 -- Python 3.13.3, pytest-8.3.5, pluggy-1.5.0
rootdir: E:\Dev\MSPR1_Produits\app
plugins: anyio-4.9.0
collected 9 items

test.py .........                                                        [100%]

============================== warnings summary ===============================
database.py:40
  E:\Dev\MSPR1_Produits\app\database.py:40: MovedIn20Warning: The ``declarative_base()`` function is now available as sqlalchemy.orm.declarative_base(). (deprecated since: 2.0) (Background on SQLAlchemy 2.0 at: https://sqlalche.me/e/b8d9)
    Base = declarative_base()

main.py:30
  E:\Dev\MSPR1_Produits\app\main.py:30: DeprecationWarning: 
          on_event is deprecated, use lifespan event handlers instead.
  
          Read more about it in the
          [FastAPI docs for Lifespan Events](https://fastapi.tiangolo.com/advanced/events/).
          
    @app.on_event("startup")

..\..\Environnements\mspr_product\Lib\site-packages\fastapi\applications.py:4495
  E:\Dev\Environnements\mspr_product\Lib\site-packages\fastapi\applications.py:4495: DeprecationWarning: 
          on_event is deprecated, use lifespan event handlers instead.
  
          Read more about it in the
          [FastAPI docs for Lifespan Events](https://fastapi.tiangolo.com/advanced/events/).
          
    return self.router.on_event(event_type)

test.py::test_get_empty_items
test.py::test_add_item
test.py::test_get_items_after_insert
test.py::test_update_item
test.py::test_delete_item
test.py::test_get_items_after_delete
test.py::test_update_nonexistent_item
test.py::test_delete_nonexistent_item
  E:\Dev\MSPR1_Produits\app\auth\auth.py:26: DeprecationWarning: datetime.datetime.utcnow() is deprecated and scheduled for removal in a future version. Use timezone-aware objects to represent datetimes in UTC: datetime.datetime.now(datetime.UTC).
    expire = datetime.utcnow() + timedelta(minutes=ACCESS_TOKEN_EXPIRE_MINUTES)

test.py::test_add_item
  E:\Dev\MSPR1_Produits\app\controllers.py:54: PydanticDeprecatedSince20: The `dict` method is deprecated; use `model_dump` instead. Deprecated in Pydantic V2.0 to be removed in V3.0. See Pydantic V2 Migration Guide at https://errors.pydantic.dev/2.11/migration/
    publish_product_create(item_data.dict())

test.py::test_update_item
  E:\Dev\MSPR1_Produits\app\controllers.py:79: PydanticDeprecatedSince20: The `dict` method is deprecated; use `model_dump` instead. Deprecated in Pydantic V2.0 to be removed in V3.0. See Pydantic V2 Migration Guide at https://errors.pydantic.dev/2.11/migration/
    publish_product_update(item_id, item_data.dict())

-- Docs: https://docs.pytest.org/en/stable/how-to/capture-warnings.html
======================= 9 passed, 13 warnings in 4.20s ========================
